
[2025-11-28 17:38:52] Channel "UK Football": TheFishy multi-ICS mode – using first 8 of 701 teams (maxTeams=8, delay=2000ms)
[2025-11-28 17:38:52]   Fetching ICS for team "Arsenal" from https://thefishy.co.uk/calendar/Arsenal
[2025-11-28 17:38:52]   -> 2 fixtures fetched for team "Arsenal"
[2025-11-28 17:38:54]   Fetching ICS for team "Aston Villa" from https://thefishy.co.uk/calendar/Aston+Villa
[2025-11-28 17:38:54]   -> 2 fixtures fetched for team "Aston Villa"
[2025-11-28 17:38:56]   Fetching ICS for team "Bournemouth" from https://thefishy.co.uk/calendar/Bournemouth
[2025-11-28 17:38:56]   -> 2 fixtures fetched for team "Bournemouth"
[2025-11-28 17:38:58]   Fetching ICS for team "Brentford" from https://thefishy.co.uk/calendar/Brentford
[2025-11-28 17:38:58]   -> 2 fixtures fetched for team "Brentford"
[2025-11-28 17:39:00]   Fetching ICS for team "Brighton" from https://thefishy.co.uk/calendar/Brighton
[2025-11-28 17:39:00]   -> 2 fixtures fetched for team "Brighton"
[2025-11-28 17:39:02]   Fetching ICS for team "Burnley" from https://thefishy.co.uk/calendar/Burnley
[2025-11-28 17:39:02]   -> 2 fixtures fetched for team "Burnley"
[2025-11-28 17:39:04]   Fetching ICS for team "Chelsea" from https://thefishy.co.uk/calendar/Chelsea
[2025-11-28 17:39:04]   -> 2 fixtures fetched for team "Chelsea"
[2025-11-28 17:39:06]   Fetching ICS for team "Crystal Palace" from https://thefishy.co.uk/calendar/Crystal+Palace
[2025-11-28 17:39:06]   -> 2 fixtures fetched for team "Crystal Palace"
[2025-11-28 17:39:06] Channel "UK Football": sent message with 16 fixtures.
[2025-11-28 17:39:06] Run summary: Channels=1, sent=1, totalMatches=16
[2025-11-29 09:00:02] Channel "UK Football": TheFishy multi-ICS mode – using first 8 of 701 teams (maxTeams=8, delay=2000ms)
[2025-11-29 09:00:02]   Fetching ICS for team "Arsenal" from https://thefishy.co.uk/calendar/Arsenal
[2025-11-29 09:00:02]   -> 2 fixtures fetched for team "Arsenal"
[2025-11-29 09:00:05]   Fetching ICS for team "Aston Villa" from https://thefishy.co.uk/calendar/Aston+Villa
[2025-11-29 09:00:05]   -> 2 fixtures fetched for team "Aston Villa"
[2025-11-29 09:00:07]   Fetching ICS for team "Bournemouth" from https://thefishy.co.uk/calendar/Bournemouth
[2025-11-29 09:00:07]   -> 2 fixtures fetched for team "Bournemouth"
[2025-11-29 09:00:09]   Fetching ICS for team "Brentford" from https://thefishy.co.uk/calendar/Brentford
[2025-11-29 09:00:09]   -> 2 fixtures fetched for team "Brentford"
[2025-11-29 09:00:11]   Fetching ICS for team "Brighton" from https://thefishy.co.uk/calendar/Brighton
[2025-11-29 09:00:11]   -> 2 fixtures fetched for team "Brighton"
[2025-11-29 09:00:13]   Fetching ICS for team "Burnley" from https://thefishy.co.uk/calendar/Burnley
[2025-11-29 09:00:13]   -> 2 fixtures fetched for team "Burnley"
[2025-11-29 09:00:15]   Fetching ICS for team "Chelsea" from https://thefishy.co.uk/calendar/Chelsea
[2025-11-29 09:00:15]   -> 2 fixtures fetched for team "Chelsea"
[2025-11-29 09:00:17]   Fetching ICS for team "Crystal Palace" from https://thefishy.co.uk/calendar/Crystal+Palace
[2025-11-29 09:00:17]   -> 2 fixtures fetched for team "Crystal Palace"
[2025-11-29 09:00:17] Channel "UK Football": sent message with 16 fixtures.
[2025-11-29 09:00:17] Run summary: Channels=1, sent=1, totalMatches=16
[2025-11-29T14:17:13.535Z] [LSTV] Missing team names: home="", away=""
[2025-11-29T14:17:13.536Z] [LSTV] Searching for Test Team A vs Test Team B
[2025-11-29T14:17:13.649Z] [LSTV] Launching Chrome from /usr/bin/chromium-browser
[2025-11-29T14:17:45.538Z] [LSTV] Trying URL: https://www.livesoccertv.com/match/test-team-a-vs-test-team-b/
[2025-11-29T14:17:45.552Z] [LSTV] Error with URL https://www.livesoccertv.com/match/test-team-a-vs-test-team-b/: net::ERR_NAME_NOT_RESOLVED at https://www.livesoccertv.com/match/test-team-a-vs-test-team-b/
[2025-11-29T14:17:45.553Z] [LSTV] Trying URL: https://www.livesoccertv.com/match/test-team-a-v-test-team-b/
[2025-11-29T14:17:45.672Z] [LSTV] Error with URL https://www.livesoccertv.com/match/test-team-a-v-test-team-b/: net::ERR_NAME_NOT_RESOLVED at https://www.livesoccertv.com/match/test-team-a-v-test-team-b/
[2025-11-29T14:17:45.672Z] [LSTV] Trying URL: https://www.livesoccertv.com/teams/england/test-team-a/
[2025-11-29T14:17:46.002Z] [LSTV] Error with URL https://www.livesoccertv.com/teams/england/test-team-a/: net::ERR_NAME_NOT_RESOLVED at https://www.livesoccertv.com/teams/england/test-team-a/
[2025-11-29T14:17:46.002Z] [LSTV] Trying URL: https://www.livesoccertv.com/teams/spain/test-team-a/
[2025-11-29T14:17:46.058Z] [LSTV] Error with URL https://www.livesoccertv.com/teams/spain/test-team-a/: net::ERR_NAME_NOT_RESOLVED at https://www.livesoccertv.com/teams/spain/test-team-a/
[2025-11-29T14:17:46.058Z] [LSTV] Trying URL: https://www.livesoccertv.com/teams/germany/test-team-a/
[2025-11-29T14:17:46.201Z] [LSTV] Error with URL https://www.livesoccertv.com/teams/germany/test-team-a/: net::ERR_NAME_NOT_RESOLVED at https://www.livesoccertv.com/teams/germany/test-team-a/
[2025-11-29T14:17:46.201Z] [LSTV] Trying URL: https://www.livesoccertv.com/teams/italy/test-team-a/
[2025-11-29T14:17:46.219Z] [LSTV] Error with URL https://www.livesoccertv.com/teams/italy/test-team-a/: net::ERR_NAME_NOT_RESOLVED at https://www.livesoccertv.com/teams/italy/test-team-a/
[2025-11-29T14:17:46.219Z] [LSTV] Trying URL: https://www.livesoccertv.com/teams/france/test-team-a/
[2025-11-29T14:17:46.268Z] [LSTV] Error with URL https://www.livesoccertv.com/teams/france/test-team-a/: net::ERR_NAME_NOT_RESOLVED at https://www.livesoccertv.com/teams/france/test-team-a/
[2025-11-29T14:17:46.269Z] [LSTV] Trying URL: https://www.livesoccertv.com/teams/scotland/test-team-a/
[2025-11-29T14:17:46.453Z] [LSTV] Error with URL https://www.livesoccertv.com/teams/scotland/test-team-a/: net::ERR_NAME_NOT_RESOLVED at https://www.livesoccertv.com/teams/scotland/test-team-a/
[2025-11-29T14:17:46.453Z] [LSTV] Trying URL: https://www.livesoccertv.com/teams/wales/test-team-a/
[2025-11-29T14:17:46.470Z] [LSTV] Error with URL https://www.livesoccertv.com/teams/wales/test-team-a/: net::ERR_NAME_NOT_RESOLVED at https://www.livesoccertv.com/teams/wales/test-team-a/
[2025-11-29T14:17:46.470Z] [LSTV] Trying URL: https://www.livesoccertv.com/teams/netherlands/test-team-a/
[2025-11-29T14:17:46.492Z] [LSTV] Error with URL https://www.livesoccertv.com/teams/netherlands/test-team-a/: net::ERR_NAME_NOT_RESOLVED at https://www.livesoccertv.com/teams/netherlands/test-team-a/
[2025-11-29T14:17:46.492Z] [LSTV] Trying URL: https://www.livesoccertv.com/teams/portugal/test-team-a/
[2025-11-29T14:17:46.513Z] [LSTV] Error with URL https://www.livesoccertv.com/teams/portugal/test-team-a/: net::ERR_NAME_NOT_RESOLVED at https://www.livesoccertv.com/teams/portugal/test-team-a/
[2025-11-29T14:17:46.513Z] [LSTV] Trying site search...
[2025-11-29T14:17:46.514Z] [LSTV] Searching: https://www.livesoccertv.com/search?q=Test%20Team%20A%20Test%20Team%20B
[2025-11-29T14:17:46.537Z] [LSTV] Search error: net::ERR_NAME_NOT_RESOLVED at https://www.livesoccertv.com/search?q=Test%20Team%20A%20Test%20Team%20B
[2025-11-29T14:17:46.537Z] [LSTV] No TV channels found for Test Team A vs Test Team B
[2025-11-29T14:17:47.024Z] [LSTV] [health] FAIL in 319ms: net::ERR_NAME_NOT_RESOLVED at https://www.livesoccertv.com
[2025-11-29T14:20:43.431Z] [LSTV] Missing team names: home="", away=""
[2025-11-29T14:20:43.432Z] [LSTV] Searching for Test Team A vs Test Team B
[2025-11-29T14:20:43.538Z] [LSTV] Launching Chrome from /usr/bin/chromium-browser
[2025-11-29T14:20:43.851Z] [LSTV] Trying URL: https://www.livesoccertv.com/match/test-team-a-vs-test-team-b/
[2025-11-29T14:20:43.865Z] [LSTV] Error with URL https://www.livesoccertv.com/match/test-team-a-vs-test-team-b/: net::ERR_NAME_NOT_RESOLVED at https://www.livesoccertv.com/match/test-team-a-vs-test-team-b/
[2025-11-29T14:20:43.866Z] [LSTV] Trying URL: https://www.livesoccertv.com/match/test-team-a-v-test-team-b/
[2025-11-29T14:20:43.899Z] [LSTV] Error with URL https://www.livesoccertv.com/match/test-team-a-v-test-team-b/: net::ERR_NAME_NOT_RESOLVED at https://www.livesoccertv.com/match/test-team-a-v-test-team-b/
[2025-11-29T14:20:43.899Z] [LSTV] Trying URL: https://www.livesoccertv.com/teams/england/test-team-a/
[2025-11-29T14:20:43.921Z] [LSTV] Error with URL https://www.livesoccertv.com/teams/england/test-team-a/: net::ERR_NAME_NOT_RESOLVED at https://www.livesoccertv.com/teams/england/test-team-a/
[2025-11-29T14:20:43.922Z] [LSTV] Trying URL: https://www.livesoccertv.com/teams/spain/test-team-a/
[2025-11-29T14:20:43.935Z] [LSTV] Error with URL https://www.livesoccertv.com/teams/spain/test-team-a/: net::ERR_NAME_NOT_RESOLVED at https://www.livesoccertv.com/teams/spain/test-team-a/
[2025-11-29T14:20:43.936Z] [LSTV] Trying URL: https://www.livesoccertv.com/teams/germany/test-team-a/
[2025-11-29T14:20:43.961Z] [LSTV] Error with URL https://www.livesoccertv.com/teams/germany/test-team-a/: net::ERR_NAME_NOT_RESOLVED at https://www.livesoccertv.com/teams/germany/test-team-a/
[2025-11-29T14:20:43.961Z] [LSTV] Trying URL: https://www.livesoccertv.com/teams/italy/test-team-a/
[2025-11-29T14:20:43.983Z] [LSTV] Error with URL https://www.livesoccertv.com/teams/italy/test-team-a/: net::ERR_NAME_NOT_RESOLVED at https://www.livesoccertv.com/teams/italy/test-team-a/
[2025-11-29T14:20:43.984Z] [LSTV] Trying URL: https://www.livesoccertv.com/teams/france/test-team-a/
[2025-11-29T14:20:44.008Z] [LSTV] Error with URL https://www.livesoccertv.com/teams/france/test-team-a/: net::ERR_NAME_NOT_RESOLVED at https://www.livesoccertv.com/teams/france/test-team-a/
[2025-11-29T14:20:44.008Z] [LSTV] Trying URL: https://www.livesoccertv.com/teams/scotland/test-team-a/
[2025-11-29T14:20:44.026Z] [LSTV] Error with URL https://www.livesoccertv.com/teams/scotland/test-team-a/: net::ERR_NAME_NOT_RESOLVED at https://www.livesoccertv.com/teams/scotland/test-team-a/
[2025-11-29T14:20:44.027Z] [LSTV] Trying URL: https://www.livesoccertv.com/teams/wales/test-team-a/
[2025-11-29T14:20:44.056Z] [LSTV] Error with URL https://www.livesoccertv.com/teams/wales/test-team-a/: net::ERR_NAME_NOT_RESOLVED at https://www.livesoccertv.com/teams/wales/test-team-a/
[2025-11-29T14:20:44.056Z] [LSTV] Trying URL: https://www.livesoccertv.com/teams/netherlands/test-team-a/
[2025-11-29T14:20:44.075Z] [LSTV] Error with URL https://www.livesoccertv.com/teams/netherlands/test-team-a/: net::ERR_NAME_NOT_RESOLVED at https://www.livesoccertv.com/teams/netherlands/test-team-a/
[2025-11-29T14:20:44.076Z] [LSTV] Trying URL: https://www.livesoccertv.com/teams/portugal/test-team-a/
[2025-11-29T14:20:44.096Z] [LSTV] Error with URL https://www.livesoccertv.com/teams/portugal/test-team-a/: net::ERR_NAME_NOT_RESOLVED at https://www.livesoccertv.com/teams/portugal/test-team-a/
[2025-11-29T14:20:44.096Z] [LSTV] Trying site search...
[2025-11-29T14:20:44.096Z] [LSTV] Searching: https://www.livesoccertv.com/search?q=Test%20Team%20A%20Test%20Team%20B
[2025-11-29T14:20:44.119Z] [LSTV] Search error: net::ERR_NAME_NOT_RESOLVED at https://www.livesoccertv.com/search?q=Test%20Team%20A%20Test%20Team%20B
[2025-11-29T14:20:44.119Z] [LSTV] No TV channels found for Test Team A vs Test Team B
[2025-11-29T14:20:44.482Z] [LSTV] [health] FAIL in 286ms: net::ERR_NAME_NOT_RESOLVED at https://www.livesoccertv.com
[2025-11-29T14:23:26.218Z] [LSTV] [health] FAIL in 400ms: net::ERR_NAME_NOT_RESOLVED at https://www.livesoccertv.com
[2025-11-29T14:29:57.310Z] [LSTV] Missing team names: home="", away=""
[2025-11-29T14:29:57.311Z] [LSTV] Searching for Test Team A vs Test Team B
[2025-11-29T14:29:57.311Z] [LSTV] puppeteer-core not available
[2025-11-29T14:29:57.311Z] [LSTV] Puppeteer not available, cannot scrape
[2025-11-29T14:29:57.311Z] [LSTV] puppeteer-core not available
[2025-11-29T14:29:57.312Z] [LSTV] [health] FAIL: Puppeteer not available
[2025-11-29T14:32:42.344Z] [LSTV] Missing team names: home="", away=""
[2025-11-29T14:32:42.345Z] [LSTV] Searching for Test Team A vs Test Team B
[2025-11-29T14:32:42.345Z] [LSTV] puppeteer-core not available
[2025-11-29T14:32:42.345Z] [LSTV] Puppeteer not available, cannot scrape
[2025-11-29T14:32:42.346Z] [LSTV] puppeteer-core not available
[2025-11-29T14:32:42.346Z] [LSTV] [health] FAIL: Puppeteer not available
[2025-11-29T14:33:55.865Z] [LSTV] Missing team names: home="", away=""
[2025-11-29T14:33:55.867Z] [LSTV] Searching for Test Team A vs Test Team B
[2025-11-29T14:33:55.967Z] [LSTV] Launching Chrome from /usr/bin/chromium-browser
[2025-11-29T14:34:08.178Z] [LSTV] Trying URL: https://www.livesoccertv.com/match/test-team-a-vs-test-team-b/
[2025-11-29T14:34:08.192Z] [LSTV] Error with URL https://www.livesoccertv.com/match/test-team-a-vs-test-team-b/: net::ERR_NAME_NOT_RESOLVED at https://www.livesoccertv.com/match/test-team-a-vs-test-team-b/
[2025-11-29T14:34:08.193Z] [LSTV] Trying URL: https://www.livesoccertv.com/match/test-team-a-v-test-team-b/
[2025-11-29T14:34:08.229Z] [LSTV] Error with URL https://www.livesoccertv.com/match/test-team-a-v-test-team-b/: net::ERR_NAME_NOT_RESOLVED at https://www.livesoccertv.com/match/test-team-a-v-test-team-b/
[2025-11-29T14:34:08.229Z] [LSTV] Trying URL: https://www.livesoccertv.com/teams/england/test-team-a/
[2025-11-29T14:34:08.356Z] [LSTV] Error with URL https://www.livesoccertv.com/teams/england/test-team-a/: net::ERR_NAME_NOT_RESOLVED at https://www.livesoccertv.com/teams/england/test-team-a/
[2025-11-29T14:34:08.356Z] [LSTV] Trying URL: https://www.livesoccertv.com/teams/spain/test-team-a/
[2025-11-29T14:34:08.387Z] [LSTV] Error with URL https://www.livesoccertv.com/teams/spain/test-team-a/: net::ERR_NAME_NOT_RESOLVED at https://www.livesoccertv.com/teams/spain/test-team-a/
[2025-11-29T14:34:08.388Z] [LSTV] Trying URL: https://www.livesoccertv.com/teams/germany/test-team-a/
[2025-11-29T14:34:08.434Z] [LSTV] Error with URL https://www.livesoccertv.com/teams/germany/test-team-a/: net::ERR_NAME_NOT_RESOLVED at https://www.livesoccertv.com/teams/germany/test-team-a/
[2025-11-29T14:34:08.434Z] [LSTV] Trying URL: https://www.livesoccertv.com/teams/italy/test-team-a/
[2025-11-29T14:34:08.451Z] [LSTV] Error with URL https://www.livesoccertv.com/teams/italy/test-team-a/: net::ERR_NAME_NOT_RESOLVED at https://www.livesoccertv.com/teams/italy/test-team-a/
[2025-11-29T14:34:08.452Z] [LSTV] Trying URL: https://www.livesoccertv.com/teams/france/test-team-a/
[2025-11-29T14:34:08.466Z] [LSTV] Error with URL https://www.livesoccertv.com/teams/france/test-team-a/: net::ERR_NAME_NOT_RESOLVED at https://www.livesoccertv.com/teams/france/test-team-a/
[2025-11-29T14:34:08.468Z] [LSTV] Trying URL: https://www.livesoccertv.com/teams/scotland/test-team-a/
[2025-11-29T14:34:08.481Z] [LSTV] Error with URL https://www.livesoccertv.com/teams/scotland/test-team-a/: net::ERR_NAME_NOT_RESOLVED at https://www.livesoccertv.com/teams/scotland/test-team-a/
[2025-11-29T14:34:08.482Z] [LSTV] Trying URL: https://www.livesoccertv.com/teams/wales/test-team-a/
[2025-11-29T14:34:08.504Z] [LSTV] Error with URL https://www.livesoccertv.com/teams/wales/test-team-a/: net::ERR_NAME_NOT_RESOLVED at https://www.livesoccertv.com/teams/wales/test-team-a/
[2025-11-29T14:34:08.504Z] [LSTV] Trying URL: https://www.livesoccertv.com/teams/netherlands/test-team-a/
[2025-11-29T14:34:08.526Z] [LSTV] Error with URL https://www.livesoccertv.com/teams/netherlands/test-team-a/: net::ERR_NAME_NOT_RESOLVED at https://www.livesoccertv.com/teams/netherlands/test-team-a/
[2025-11-29T14:34:08.526Z] [LSTV] Trying URL: https://www.livesoccertv.com/teams/portugal/test-team-a/
[2025-11-29T14:34:08.546Z] [LSTV] Error with URL https://www.livesoccertv.com/teams/portugal/test-team-a/: net::ERR_NAME_NOT_RESOLVED at https://www.livesoccertv.com/teams/portugal/test-team-a/
[2025-11-29T14:34:08.546Z] [LSTV] Trying site search...
[2025-11-29T14:34:08.546Z] [LSTV] Searching: https://www.livesoccertv.com/search?q=Test%20Team%20A%20Test%20Team%20B
[2025-11-29T14:34:08.565Z] [LSTV] Search error: net::ERR_NAME_NOT_RESOLVED at https://www.livesoccertv.com/search?q=Test%20Team%20A%20Test%20Team%20B
[2025-11-29T14:34:08.566Z] [LSTV] WARNING: No TV channels found for Test Team A vs Test Team B - no candidates above threshold
[2025-11-29T14:34:08.958Z] [LSTV] [health] FAIL in 293ms: net::ERR_NAME_NOT_RESOLVED at https://www.livesoccertv.com
[2025-11-29T14:34:09.036Z] [TSDB] Missing team names: home="", away=""
[2025-11-29T14:34:09.037Z] [TSDB] Searching for Arsenal vs Chelsea on 2025-11-29
[2025-11-29T14:34:09.054Z] [TSDB] Error: getaddrinfo ENOTFOUND www.thesportsdb.com
[2025-11-29T14:34:09.057Z] [TSDB] [health] FAIL in 3ms: getaddrinfo ENOTFOUND www.thesportsdb.com
[2025-11-29T14:34:36.774Z] [LSTV] Missing team names: home="", away=""
[2025-11-29T14:34:36.775Z] [LSTV] Searching for Test Team A vs Test Team B
[2025-11-29T14:34:36.875Z] [LSTV] Launching Chrome from /usr/bin/chromium-browser
[2025-11-29T14:34:37.168Z] [LSTV] Trying URL: https://www.livesoccertv.com/match/test-team-a-vs-test-team-b/
[2025-11-29T14:34:37.184Z] [LSTV] Error with URL https://www.livesoccertv.com/match/test-team-a-vs-test-team-b/: net::ERR_NAME_NOT_RESOLVED at https://www.livesoccertv.com/match/test-team-a-vs-test-team-b/
[2025-11-29T14:34:37.184Z] [LSTV] Trying URL: https://www.livesoccertv.com/match/test-team-a-v-test-team-b/
[2025-11-29T14:34:37.214Z] [LSTV] Error with URL https://www.livesoccertv.com/match/test-team-a-v-test-team-b/: net::ERR_NAME_NOT_RESOLVED at https://www.livesoccertv.com/match/test-team-a-v-test-team-b/
[2025-11-29T14:34:37.214Z] [LSTV] Trying URL: https://www.livesoccertv.com/teams/england/test-team-a/
[2025-11-29T14:34:37.238Z] [LSTV] Error with URL https://www.livesoccertv.com/teams/england/test-team-a/: net::ERR_NAME_NOT_RESOLVED at https://www.livesoccertv.com/teams/england/test-team-a/
[2025-11-29T14:34:37.239Z] [LSTV] Trying URL: https://www.livesoccertv.com/teams/spain/test-team-a/
[2025-11-29T14:34:37.291Z] [LSTV] Error with URL https://www.livesoccertv.com/teams/spain/test-team-a/: net::ERR_NAME_NOT_RESOLVED at https://www.livesoccertv.com/teams/spain/test-team-a/
[2025-11-29T14:34:37.292Z] [LSTV] Trying URL: https://www.livesoccertv.com/teams/germany/test-team-a/
[2025-11-29T14:34:37.313Z] [LSTV] Error with URL https://www.livesoccertv.com/teams/germany/test-team-a/: net::ERR_NAME_NOT_RESOLVED at https://www.livesoccertv.com/teams/germany/test-team-a/
[2025-11-29T14:34:37.313Z] [LSTV] Trying URL: https://www.livesoccertv.com/teams/italy/test-team-a/
[2025-11-29T14:34:37.339Z] [LSTV] Error with URL https://www.livesoccertv.com/teams/italy/test-team-a/: net::ERR_NAME_NOT_RESOLVED at https://www.livesoccertv.com/teams/italy/test-team-a/
[2025-11-29T14:34:37.339Z] [LSTV] Trying URL: https://www.livesoccertv.com/teams/france/test-team-a/
[2025-11-29T14:34:37.370Z] [LSTV] Error with URL https://www.livesoccertv.com/teams/france/test-team-a/: net::ERR_NAME_NOT_RESOLVED at https://www.livesoccertv.com/teams/france/test-team-a/
[2025-11-29T14:34:37.370Z] [LSTV] Trying URL: https://www.livesoccertv.com/teams/scotland/test-team-a/
[2025-11-29T14:34:37.395Z] [LSTV] Error with URL https://www.livesoccertv.com/teams/scotland/test-team-a/: net::ERR_NAME_NOT_RESOLVED at https://www.livesoccertv.com/teams/scotland/test-team-a/
[2025-11-29T14:34:37.395Z] [LSTV] Trying URL: https://www.livesoccertv.com/teams/wales/test-team-a/
[2025-11-29T14:34:37.412Z] [LSTV] Error with URL https://www.livesoccertv.com/teams/wales/test-team-a/: net::ERR_NAME_NOT_RESOLVED at https://www.livesoccertv.com/teams/wales/test-team-a/
[2025-11-29T14:34:37.412Z] [LSTV] Trying URL: https://www.livesoccertv.com/teams/netherlands/test-team-a/
[2025-11-29T14:34:37.432Z] [LSTV] Error with URL https://www.livesoccertv.com/teams/netherlands/test-team-a/: net::ERR_NAME_NOT_RESOLVED at https://www.livesoccertv.com/teams/netherlands/test-team-a/
[2025-11-29T14:34:37.432Z] [LSTV] Trying URL: https://www.livesoccertv.com/teams/portugal/test-team-a/
[2025-11-29T14:34:37.450Z] [LSTV] Error with URL https://www.livesoccertv.com/teams/portugal/test-team-a/: net::ERR_NAME_NOT_RESOLVED at https://www.livesoccertv.com/teams/portugal/test-team-a/
[2025-11-29T14:34:37.450Z] [LSTV] Trying site search...
[2025-11-29T14:34:37.450Z] [LSTV] Searching: https://www.livesoccertv.com/search?q=Test%20Team%20A%20Test%20Team%20B
[2025-11-29T14:34:37.469Z] [LSTV] Search error: net::ERR_NAME_NOT_RESOLVED at https://www.livesoccertv.com/search?q=Test%20Team%20A%20Test%20Team%20B
[2025-11-29T14:34:37.469Z] [LSTV] WARNING: No TV channels found for Test Team A vs Test Team B - no candidates above threshold
[2025-11-29T14:34:37.833Z] [LSTV] [health] FAIL in 294ms: net::ERR_NAME_NOT_RESOLVED at https://www.livesoccertv.com
[2025-11-29T14:34:37.911Z] [TSDB] Missing team names: home="", away=""
[2025-11-29T14:34:37.912Z] [TSDB] Searching for Arsenal vs Chelsea on 2025-11-29
[2025-11-29T14:34:37.927Z] [TSDB] Error: getaddrinfo ENOTFOUND www.thesportsdb.com
[2025-11-29T14:34:37.931Z] [TSDB] [health] FAIL in 3ms: getaddrinfo ENOTFOUND www.thesportsdb.com
[2025-11-29T14:40:04.918Z] [LSTV] Missing team names: home="", away=""
[2025-11-29T14:40:04.919Z] [LSTV] Searching for Test Team A vs Test Team B
[2025-11-29T14:40:05.010Z] [LSTV] Launching Chrome from /usr/bin/chromium-browser
[2025-11-29T14:40:05.309Z] [LSTV] Trying URL: https://www.livesoccertv.com/match/test-team-a-vs-test-team-b/
[2025-11-29T14:40:05.322Z] [LSTV] Error with URL https://www.livesoccertv.com/match/test-team-a-vs-test-team-b/: net::ERR_NAME_NOT_RESOLVED at https://www.livesoccertv.com/match/test-team-a-vs-test-team-b/
[2025-11-29T14:40:05.322Z] [LSTV] Trying URL: https://www.livesoccertv.com/match/test-team-a-v-test-team-b/
[2025-11-29T14:40:05.354Z] [LSTV] Error with URL https://www.livesoccertv.com/match/test-team-a-v-test-team-b/: net::ERR_NAME_NOT_RESOLVED at https://www.livesoccertv.com/match/test-team-a-v-test-team-b/
[2025-11-29T14:40:05.354Z] [LSTV] Trying URL: https://www.livesoccertv.com/teams/england/test-team-a/
[2025-11-29T14:40:05.382Z] [LSTV] Error with URL https://www.livesoccertv.com/teams/england/test-team-a/: net::ERR_NAME_NOT_RESOLVED at https://www.livesoccertv.com/teams/england/test-team-a/
[2025-11-29T14:40:05.382Z] [LSTV] Trying URL: https://www.livesoccertv.com/teams/spain/test-team-a/
[2025-11-29T14:40:05.414Z] [LSTV] Error with URL https://www.livesoccertv.com/teams/spain/test-team-a/: net::ERR_NAME_NOT_RESOLVED at https://www.livesoccertv.com/teams/spain/test-team-a/
[2025-11-29T14:40:05.415Z] [LSTV] Trying URL: https://www.livesoccertv.com/teams/germany/test-team-a/
[2025-11-29T14:40:05.432Z] [LSTV] Error with URL https://www.livesoccertv.com/teams/germany/test-team-a/: net::ERR_NAME_NOT_RESOLVED at https://www.livesoccertv.com/teams/germany/test-team-a/
[2025-11-29T14:40:05.432Z] [LSTV] Trying URL: https://www.livesoccertv.com/teams/italy/test-team-a/
[2025-11-29T14:40:05.451Z] [LSTV] Error with URL https://www.livesoccertv.com/teams/italy/test-team-a/: net::ERR_NAME_NOT_RESOLVED at https://www.livesoccertv.com/teams/italy/test-team-a/
[2025-11-29T14:40:05.451Z] [LSTV] Trying URL: https://www.livesoccertv.com/teams/france/test-team-a/
[2025-11-29T14:40:05.466Z] [LSTV] Error with URL https://www.livesoccertv.com/teams/france/test-team-a/: net::ERR_NAME_NOT_RESOLVED at https://www.livesoccertv.com/teams/france/test-team-a/
[2025-11-29T14:40:05.466Z] [LSTV] Trying URL: https://www.livesoccertv.com/teams/scotland/test-team-a/
[2025-11-29T14:40:05.482Z] [LSTV] Error with URL https://www.livesoccertv.com/teams/scotland/test-team-a/: net::ERR_NAME_NOT_RESOLVED at https://www.livesoccertv.com/teams/scotland/test-team-a/
[2025-11-29T14:40:05.482Z] [LSTV] Trying URL: https://www.livesoccertv.com/teams/wales/test-team-a/
[2025-11-29T14:40:05.502Z] [LSTV] Error with URL https://www.livesoccertv.com/teams/wales/test-team-a/: net::ERR_NAME_NOT_RESOLVED at https://www.livesoccertv.com/teams/wales/test-team-a/
[2025-11-29T14:40:05.502Z] [LSTV] Trying URL: https://www.livesoccertv.com/teams/netherlands/test-team-a/
[2025-11-29T14:40:05.522Z] [LSTV] Error with URL https://www.livesoccertv.com/teams/netherlands/test-team-a/: net::ERR_NAME_NOT_RESOLVED at https://www.livesoccertv.com/teams/netherlands/test-team-a/
[2025-11-29T14:40:05.522Z] [LSTV] Trying URL: https://www.livesoccertv.com/teams/portugal/test-team-a/
[2025-11-29T14:40:05.541Z] [LSTV] Error with URL https://www.livesoccertv.com/teams/portugal/test-team-a/: net::ERR_NAME_NOT_RESOLVED at https://www.livesoccertv.com/teams/portugal/test-team-a/
[2025-11-29T14:40:05.541Z] [LSTV] Trying site search...
[2025-11-29T14:40:05.541Z] [LSTV] Searching: https://www.livesoccertv.com/search?q=Test%20Team%20A%20Test%20Team%20B
[2025-11-29T14:40:05.559Z] [LSTV] Search error: net::ERR_NAME_NOT_RESOLVED at https://www.livesoccertv.com/search?q=Test%20Team%20A%20Test%20Team%20B
[2025-11-29T14:40:05.560Z] [LSTV] WARNING: No TV channels found for Test Team A vs Test Team B - no candidates above threshold
[2025-11-29T14:40:05.927Z] [LSTV] [health] FAIL in 292ms: net::ERR_NAME_NOT_RESOLVED at https://www.livesoccertv.com
[2025-11-29T14:40:06.007Z] [TSDB] Missing team names: home="", away=""
[2025-11-29T14:40:06.008Z] [TSDB] Searching for Arsenal vs Chelsea on 2025-11-29
[2025-11-29T14:40:06.023Z] [TSDB] Error: getaddrinfo ENOTFOUND www.thesportsdb.com
[2025-11-29T14:40:06.027Z] [TSDB] [health] FAIL in 3ms: getaddrinfo ENOTFOUND www.thesportsdb.com
[2025-11-29T14:40:06.027Z] [WIKI] Missing league name
[2025-11-29T14:40:06.027Z] [WIKI] Fetching: 2024–25 Premier League
[2025-11-29T14:40:06.029Z] [WIKI] Error fetching 2024–25 Premier League: getaddrinfo ENOTFOUND en.wikipedia.org
[2025-11-29T14:42:04.249Z] [LSTV] Missing team names: home="", away=""
[2025-11-29T14:42:04.250Z] [LSTV] Searching for Test Team A vs Test Team B
[2025-11-29T14:42:04.342Z] [LSTV] Launching Chrome from /usr/bin/chromium-browser
[2025-11-29T14:42:04.654Z] [LSTV] Trying URL: https://www.livesoccertv.com/match/test-team-a-vs-test-team-b/
[2025-11-29T14:42:04.670Z] [LSTV] Error with URL https://www.livesoccertv.com/match/test-team-a-vs-test-team-b/: net::ERR_NAME_NOT_RESOLVED at https://www.livesoccertv.com/match/test-team-a-vs-test-team-b/
[2025-11-29T14:42:04.670Z] [LSTV] Trying URL: https://www.livesoccertv.com/match/test-team-a-v-test-team-b/
[2025-11-29T14:42:04.697Z] [LSTV] Error with URL https://www.livesoccertv.com/match/test-team-a-v-test-team-b/: net::ERR_NAME_NOT_RESOLVED at https://www.livesoccertv.com/match/test-team-a-v-test-team-b/
[2025-11-29T14:42:04.697Z] [LSTV] Trying URL: https://www.livesoccertv.com/teams/england/test-team-a/
[2025-11-29T14:42:04.722Z] [LSTV] Error with URL https://www.livesoccertv.com/teams/england/test-team-a/: net::ERR_NAME_NOT_RESOLVED at https://www.livesoccertv.com/teams/england/test-team-a/
[2025-11-29T14:42:04.722Z] [LSTV] Trying URL: https://www.livesoccertv.com/teams/spain/test-team-a/
[2025-11-29T14:42:04.761Z] [LSTV] Error with URL https://www.livesoccertv.com/teams/spain/test-team-a/: net::ERR_NAME_NOT_RESOLVED at https://www.livesoccertv.com/teams/spain/test-team-a/
[2025-11-29T14:42:04.761Z] [LSTV] Trying URL: https://www.livesoccertv.com/teams/germany/test-team-a/
[2025-11-29T14:42:04.783Z] [LSTV] Error with URL https://www.livesoccertv.com/teams/germany/test-team-a/: net::ERR_NAME_NOT_RESOLVED at https://www.livesoccertv.com/teams/germany/test-team-a/
[2025-11-29T14:42:04.783Z] [LSTV] Trying URL: https://www.livesoccertv.com/teams/italy/test-team-a/
[2025-11-29T14:42:04.807Z] [LSTV] Error with URL https://www.livesoccertv.com/teams/italy/test-team-a/: net::ERR_NAME_NOT_RESOLVED at https://www.livesoccertv.com/teams/italy/test-team-a/
[2025-11-29T14:42:04.807Z] [LSTV] Trying URL: https://www.livesoccertv.com/teams/france/test-team-a/
[2025-11-29T14:42:04.830Z] [LSTV] Error with URL https://www.livesoccertv.com/teams/france/test-team-a/: net::ERR_NAME_NOT_RESOLVED at https://www.livesoccertv.com/teams/france/test-team-a/
[2025-11-29T14:42:04.830Z] [LSTV] Trying URL: https://www.livesoccertv.com/teams/scotland/test-team-a/
[2025-11-29T14:42:04.849Z] [LSTV] Error with URL https://www.livesoccertv.com/teams/scotland/test-team-a/: net::ERR_NAME_NOT_RESOLVED at https://www.livesoccertv.com/teams/scotland/test-team-a/
[2025-11-29T14:42:04.849Z] [LSTV] Trying URL: https://www.livesoccertv.com/teams/wales/test-team-a/
[2025-11-29T14:42:04.869Z] [LSTV] Error with URL https://www.livesoccertv.com/teams/wales/test-team-a/: net::ERR_NAME_NOT_RESOLVED at https://www.livesoccertv.com/teams/wales/test-team-a/
[2025-11-29T14:42:04.869Z] [LSTV] Trying URL: https://www.livesoccertv.com/teams/netherlands/test-team-a/
[2025-11-29T14:42:04.890Z] [LSTV] Error with URL https://www.livesoccertv.com/teams/netherlands/test-team-a/: net::ERR_NAME_NOT_RESOLVED at https://www.livesoccertv.com/teams/netherlands/test-team-a/
[2025-11-29T14:42:04.891Z] [LSTV] Trying URL: https://www.livesoccertv.com/teams/portugal/test-team-a/
[2025-11-29T14:42:04.912Z] [LSTV] Error with URL https://www.livesoccertv.com/teams/portugal/test-team-a/: net::ERR_NAME_NOT_RESOLVED at https://www.livesoccertv.com/teams/portugal/test-team-a/
[2025-11-29T14:42:04.912Z] [LSTV] Trying site search...
[2025-11-29T14:42:04.912Z] [LSTV] Searching: https://www.livesoccertv.com/search?q=Test%20Team%20A%20Test%20Team%20B
[2025-11-29T14:42:04.932Z] [LSTV] Search error: net::ERR_NAME_NOT_RESOLVED at https://www.livesoccertv.com/search?q=Test%20Team%20A%20Test%20Team%20B
[2025-11-29T14:42:04.932Z] [LSTV] WARNING: No TV channels found for Test Team A vs Test Team B - no candidates above threshold
[2025-11-29T14:42:05.300Z] [LSTV] [health] FAIL in 290ms: net::ERR_NAME_NOT_RESOLVED at https://www.livesoccertv.com
[2025-11-29T14:42:05.372Z] [TSDB] Missing team names: home="", away=""
[2025-11-29T14:42:05.373Z] [TSDB] Searching for Arsenal vs Chelsea on 2025-11-29
[2025-11-29T14:42:05.388Z] [TSDB] Error: getaddrinfo ENOTFOUND www.thesportsdb.com
[2025-11-29T14:42:05.391Z] [TSDB] [health] FAIL in 3ms: getaddrinfo ENOTFOUND www.thesportsdb.com
[2025-11-29T14:42:05.392Z] [WIKI] Missing league name
[2025-11-29T14:42:05.392Z] [WIKI] Fetching: 2024–25 Premier League
[2025-11-29T14:42:05.394Z] [WIKI] Error fetching 2024–25 Premier League: getaddrinfo ENOTFOUND en.wikipedia.org
[2025-11-29T14:44:46.248Z] [LSTV] Missing team names: home="", away=""
[2025-11-29T14:44:46.250Z] [LSTV] Searching for Test Team A vs Test Team B
[2025-11-29T14:44:46.341Z] [LSTV] Launching Chrome from /usr/bin/chromium-browser
[2025-11-29T14:44:47.253Z] [LSTV] Trying URL: https://www.livesoccertv.com/match/test-team-a-vs-test-team-b/
[2025-11-29T14:44:47.278Z] [LSTV] Error with URL https://www.livesoccertv.com/match/test-team-a-vs-test-team-b/: net::ERR_NAME_NOT_RESOLVED at https://www.livesoccertv.com/match/test-team-a-vs-test-team-b/
[2025-11-29T14:44:47.278Z] [LSTV] Trying URL: https://www.livesoccertv.com/match/test-team-a-v-test-team-b/
[2025-11-29T14:44:47.310Z] [LSTV] Error with URL https://www.livesoccertv.com/match/test-team-a-v-test-team-b/: net::ERR_NAME_NOT_RESOLVED at https://www.livesoccertv.com/match/test-team-a-v-test-team-b/
[2025-11-29T14:44:47.310Z] [LSTV] Trying URL: https://www.livesoccertv.com/teams/england/test-team-a/
[2025-11-29T14:44:47.338Z] [LSTV] Error with URL https://www.livesoccertv.com/teams/england/test-team-a/: net::ERR_NAME_NOT_RESOLVED at https://www.livesoccertv.com/teams/england/test-team-a/
[2025-11-29T14:44:47.338Z] [LSTV] Trying URL: https://www.livesoccertv.com/teams/spain/test-team-a/
[2025-11-29T14:44:47.357Z] [LSTV] Error with URL https://www.livesoccertv.com/teams/spain/test-team-a/: net::ERR_NAME_NOT_RESOLVED at https://www.livesoccertv.com/teams/spain/test-team-a/
[2025-11-29T14:44:47.357Z] [LSTV] Trying URL: https://www.livesoccertv.com/teams/germany/test-team-a/
[2025-11-29T14:44:47.387Z] [LSTV] Error with URL https://www.livesoccertv.com/teams/germany/test-team-a/: net::ERR_NAME_NOT_RESOLVED at https://www.livesoccertv.com/teams/germany/test-team-a/
[2025-11-29T14:44:47.387Z] [LSTV] Trying URL: https://www.livesoccertv.com/teams/italy/test-team-a/
[2025-11-29T14:44:47.425Z] [LSTV] Error with URL https://www.livesoccertv.com/teams/italy/test-team-a/: net::ERR_NAME_NOT_RESOLVED at https://www.livesoccertv.com/teams/italy/test-team-a/
[2025-11-29T14:44:47.425Z] [LSTV] Trying URL: https://www.livesoccertv.com/teams/france/test-team-a/
[2025-11-29T14:44:47.446Z] [LSTV] Error with URL https://www.livesoccertv.com/teams/france/test-team-a/: net::ERR_NAME_NOT_RESOLVED at https://www.livesoccertv.com/teams/france/test-team-a/
[2025-11-29T14:44:47.446Z] [LSTV] Trying URL: https://www.livesoccertv.com/teams/scotland/test-team-a/
[2025-11-29T14:44:47.490Z] [LSTV] Error with URL https://www.livesoccertv.com/teams/scotland/test-team-a/: net::ERR_NAME_NOT_RESOLVED at https://www.livesoccertv.com/teams/scotland/test-team-a/
[2025-11-29T14:44:47.490Z] [LSTV] Trying URL: https://www.livesoccertv.com/teams/wales/test-team-a/
[2025-11-29T14:44:47.521Z] [LSTV] Error with URL https://www.livesoccertv.com/teams/wales/test-team-a/: net::ERR_NAME_NOT_RESOLVED at https://www.livesoccertv.com/teams/wales/test-team-a/
[2025-11-29T14:44:47.521Z] [LSTV] Trying URL: https://www.livesoccertv.com/teams/netherlands/test-team-a/
[2025-11-29T14:44:47.554Z] [LSTV] Error with URL https://www.livesoccertv.com/teams/netherlands/test-team-a/: net::ERR_NAME_NOT_RESOLVED at https://www.livesoccertv.com/teams/netherlands/test-team-a/
[2025-11-29T14:44:47.555Z] [LSTV] Trying URL: https://www.livesoccertv.com/teams/portugal/test-team-a/
[2025-11-29T14:44:47.626Z] [LSTV] Error with URL https://www.livesoccertv.com/teams/portugal/test-team-a/: net::ERR_NAME_NOT_RESOLVED at https://www.livesoccertv.com/teams/portugal/test-team-a/
[2025-11-29T14:44:47.626Z] [LSTV] Trying site search...
[2025-11-29T14:44:47.626Z] [LSTV] Searching: https://www.livesoccertv.com/search?q=Test%20Team%20A%20Test%20Team%20B
[2025-11-29T14:44:47.654Z] [LSTV] Search error: net::ERR_NAME_NOT_RESOLVED at https://www.livesoccertv.com/search?q=Test%20Team%20A%20Test%20Team%20B
[2025-11-29T14:44:47.655Z] [LSTV] WARNING: No TV channels found for Test Team A vs Test Team B - no match page found or page had no channel data
[2025-11-29T14:44:48.022Z] [LSTV] [health] FAIL in 288ms: net::ERR_NAME_NOT_RESOLVED at https://www.livesoccertv.com
[2025-11-29T14:44:48.101Z] [TSDB] Missing team names: home="", away=""
[2025-11-29T14:44:48.102Z] [TSDB] Searching for Arsenal vs Chelsea on 2025-11-29
[2025-11-29T14:44:48.117Z] [TSDB] Error: getaddrinfo ENOTFOUND www.thesportsdb.com
[2025-11-29T14:44:48.120Z] [TSDB] [health] FAIL in 3ms: getaddrinfo ENOTFOUND www.thesportsdb.com
[2025-11-29T14:44:48.121Z] [WIKI] Missing league name
[2025-11-29T14:44:48.121Z] [WIKI] Fetching: 2024–25 Premier League
[2025-11-29T14:44:48.123Z] [WIKI] Error fetching 2024–25 Premier League: getaddrinfo ENOTFOUND en.wikipedia.org
[2025-11-29T14:45:24.992Z] [LSTV] Missing team names: home="", away=""
[2025-11-29T14:45:24.993Z] [LSTV] Searching for Test Team A vs Test Team B
[2025-11-29T14:45:25.084Z] [LSTV] Launching Chrome from /usr/bin/chromium-browser
[2025-11-29T14:45:25.382Z] [LSTV] Trying URL: https://www.livesoccertv.com/match/test-team-a-vs-test-team-b/
[2025-11-29T14:45:25.397Z] [LSTV] Error with URL https://www.livesoccertv.com/match/test-team-a-vs-test-team-b/: net::ERR_NAME_NOT_RESOLVED at https://www.livesoccertv.com/match/test-team-a-vs-test-team-b/
[2025-11-29T14:45:25.398Z] [LSTV] Trying URL: https://www.livesoccertv.com/match/test-team-a-v-test-team-b/
[2025-11-29T14:45:25.428Z] [LSTV] Error with URL https://www.livesoccertv.com/match/test-team-a-v-test-team-b/: net::ERR_NAME_NOT_RESOLVED at https://www.livesoccertv.com/match/test-team-a-v-test-team-b/
[2025-11-29T14:45:25.428Z] [LSTV] Trying URL: https://www.livesoccertv.com/teams/england/test-team-a/
[2025-11-29T14:45:25.456Z] [LSTV] Error with URL https://www.livesoccertv.com/teams/england/test-team-a/: net::ERR_NAME_NOT_RESOLVED at https://www.livesoccertv.com/teams/england/test-team-a/
[2025-11-29T14:45:25.456Z] [LSTV] Trying URL: https://www.livesoccertv.com/teams/spain/test-team-a/
[2025-11-29T14:45:25.486Z] [LSTV] Error with URL https://www.livesoccertv.com/teams/spain/test-team-a/: net::ERR_NAME_NOT_RESOLVED at https://www.livesoccertv.com/teams/spain/test-team-a/
[2025-11-29T14:45:25.486Z] [LSTV] Trying URL: https://www.livesoccertv.com/teams/germany/test-team-a/
[2025-11-29T14:45:25.503Z] [LSTV] Error with URL https://www.livesoccertv.com/teams/germany/test-team-a/: net::ERR_NAME_NOT_RESOLVED at https://www.livesoccertv.com/teams/germany/test-team-a/
[2025-11-29T14:45:25.504Z] [LSTV] Trying URL: https://www.livesoccertv.com/teams/italy/test-team-a/
[2025-11-29T14:45:25.538Z] [LSTV] Error with URL https://www.livesoccertv.com/teams/italy/test-team-a/: net::ERR_NAME_NOT_RESOLVED at https://www.livesoccertv.com/teams/italy/test-team-a/
[2025-11-29T14:45:25.538Z] [LSTV] Trying URL: https://www.livesoccertv.com/teams/france/test-team-a/
[2025-11-29T14:45:25.563Z] [LSTV] Error with URL https://www.livesoccertv.com/teams/france/test-team-a/: net::ERR_NAME_NOT_RESOLVED at https://www.livesoccertv.com/teams/france/test-team-a/
[2025-11-29T14:45:25.563Z] [LSTV] Trying URL: https://www.livesoccertv.com/teams/scotland/test-team-a/
[2025-11-29T14:45:25.584Z] [LSTV] Error with URL https://www.livesoccertv.com/teams/scotland/test-team-a/: net::ERR_NAME_NOT_RESOLVED at https://www.livesoccertv.com/teams/scotland/test-team-a/
[2025-11-29T14:45:25.585Z] [LSTV] Trying URL: https://www.livesoccertv.com/teams/wales/test-team-a/
[2025-11-29T14:45:25.603Z] [LSTV] Error with URL https://www.livesoccertv.com/teams/wales/test-team-a/: net::ERR_NAME_NOT_RESOLVED at https://www.livesoccertv.com/teams/wales/test-team-a/
[2025-11-29T14:45:25.603Z] [LSTV] Trying URL: https://www.livesoccertv.com/teams/netherlands/test-team-a/
[2025-11-29T14:45:25.623Z] [LSTV] Error with URL https://www.livesoccertv.com/teams/netherlands/test-team-a/: net::ERR_NAME_NOT_RESOLVED at https://www.livesoccertv.com/teams/netherlands/test-team-a/
[2025-11-29T14:45:25.623Z] [LSTV] Trying URL: https://www.livesoccertv.com/teams/portugal/test-team-a/
[2025-11-29T14:45:25.642Z] [LSTV] Error with URL https://www.livesoccertv.com/teams/portugal/test-team-a/: net::ERR_NAME_NOT_RESOLVED at https://www.livesoccertv.com/teams/portugal/test-team-a/
[2025-11-29T14:45:25.642Z] [LSTV] Trying site search...
[2025-11-29T14:45:25.643Z] [LSTV] Searching: https://www.livesoccertv.com/search?q=Test%20Team%20A%20Test%20Team%20B
[2025-11-29T14:45:25.666Z] [LSTV] Search error: net::ERR_NAME_NOT_RESOLVED at https://www.livesoccertv.com/search?q=Test%20Team%20A%20Test%20Team%20B
[2025-11-29T14:45:25.666Z] [LSTV] WARNING: No TV channels found for Test Team A vs Test Team B - no match page found or page had no channel data
[2025-11-29T14:45:26.025Z] [LSTV] [health] FAIL in 278ms: net::ERR_NAME_NOT_RESOLVED at https://www.livesoccertv.com
[2025-11-29T14:45:26.104Z] [TSDB] Missing team names: home="", away=""
[2025-11-29T14:45:26.105Z] [TSDB] Searching for Arsenal vs Chelsea on 2025-11-29
[2025-11-29T14:45:26.121Z] [TSDB] Error: getaddrinfo ENOTFOUND www.thesportsdb.com
[2025-11-29T14:45:26.124Z] [TSDB] [health] FAIL in 3ms: getaddrinfo ENOTFOUND www.thesportsdb.com
[2025-11-29T14:45:26.124Z] [WIKI] Missing league name
[2025-11-29T14:45:26.125Z] [WIKI] Fetching: 2024–25 Premier League
[2025-11-29T14:45:26.127Z] [WIKI] Error fetching 2024–25 Premier League: getaddrinfo ENOTFOUND en.wikipedia.org
[2025-11-29T14:46:40.099Z] [LSTV] Missing team names: home="", away=""
[2025-11-29T14:46:40.100Z] [LSTV] Searching for Test Team A vs Test Team B
[2025-11-29T14:46:40.195Z] [LSTV] Launching Chrome from /usr/bin/chromium-browser
[2025-11-29T14:46:40.563Z] [LSTV] Trying URL: https://www.livesoccertv.com/match/test-team-a-vs-test-team-b/
[2025-11-29T14:46:40.576Z] [LSTV] Error with URL https://www.livesoccertv.com/match/test-team-a-vs-test-team-b/: net::ERR_NAME_NOT_RESOLVED at https://www.livesoccertv.com/match/test-team-a-vs-test-team-b/
[2025-11-29T14:46:40.577Z] [LSTV] Trying URL: https://www.livesoccertv.com/match/test-team-a-v-test-team-b/
[2025-11-29T14:46:40.609Z] [LSTV] Error with URL https://www.livesoccertv.com/match/test-team-a-v-test-team-b/: net::ERR_NAME_NOT_RESOLVED at https://www.livesoccertv.com/match/test-team-a-v-test-team-b/
[2025-11-29T14:46:40.609Z] [LSTV] Trying URL: https://www.livesoccertv.com/teams/england/test-team-a/
[2025-11-29T14:46:40.634Z] [LSTV] Error with URL https://www.livesoccertv.com/teams/england/test-team-a/: net::ERR_NAME_NOT_RESOLVED at https://www.livesoccertv.com/teams/england/test-team-a/
[2025-11-29T14:46:40.634Z] [LSTV] Trying URL: https://www.livesoccertv.com/teams/spain/test-team-a/
[2025-11-29T14:46:40.665Z] [LSTV] Error with URL https://www.livesoccertv.com/teams/spain/test-team-a/: net::ERR_NAME_NOT_RESOLVED at https://www.livesoccertv.com/teams/spain/test-team-a/
[2025-11-29T14:46:40.665Z] [LSTV] Trying URL: https://www.livesoccertv.com/teams/germany/test-team-a/
[2025-11-29T14:46:40.686Z] [LSTV] Error with URL https://www.livesoccertv.com/teams/germany/test-team-a/: net::ERR_NAME_NOT_RESOLVED at https://www.livesoccertv.com/teams/germany/test-team-a/
[2025-11-29T14:46:40.686Z] [LSTV] Trying URL: https://www.livesoccertv.com/teams/italy/test-team-a/
[2025-11-29T14:46:40.709Z] [LSTV] Error with URL https://www.livesoccertv.com/teams/italy/test-team-a/: net::ERR_NAME_NOT_RESOLVED at https://www.livesoccertv.com/teams/italy/test-team-a/
[2025-11-29T14:46:40.709Z] [LSTV] Trying URL: https://www.livesoccertv.com/teams/france/test-team-a/
[2025-11-29T14:46:40.733Z] [LSTV] Error with URL https://www.livesoccertv.com/teams/france/test-team-a/: net::ERR_NAME_NOT_RESOLVED at https://www.livesoccertv.com/teams/france/test-team-a/
[2025-11-29T14:46:40.733Z] [LSTV] Trying URL: https://www.livesoccertv.com/teams/scotland/test-team-a/
[2025-11-29T14:46:40.753Z] [LSTV] Error with URL https://www.livesoccertv.com/teams/scotland/test-team-a/: net::ERR_NAME_NOT_RESOLVED at https://www.livesoccertv.com/teams/scotland/test-team-a/
[2025-11-29T14:46:40.753Z] [LSTV] Trying URL: https://www.livesoccertv.com/teams/wales/test-team-a/
[2025-11-29T14:46:40.774Z] [LSTV] Error with URL https://www.livesoccertv.com/teams/wales/test-team-a/: net::ERR_NAME_NOT_RESOLVED at https://www.livesoccertv.com/teams/wales/test-team-a/
[2025-11-29T14:46:40.774Z] [LSTV] Trying URL: https://www.livesoccertv.com/teams/netherlands/test-team-a/
[2025-11-29T14:46:40.793Z] [LSTV] Error with URL https://www.livesoccertv.com/teams/netherlands/test-team-a/: net::ERR_NAME_NOT_RESOLVED at https://www.livesoccertv.com/teams/netherlands/test-team-a/
[2025-11-29T14:46:40.793Z] [LSTV] Trying URL: https://www.livesoccertv.com/teams/portugal/test-team-a/
[2025-11-29T14:46:40.811Z] [LSTV] Error with URL https://www.livesoccertv.com/teams/portugal/test-team-a/: net::ERR_NAME_NOT_RESOLVED at https://www.livesoccertv.com/teams/portugal/test-team-a/
[2025-11-29T14:46:40.812Z] [LSTV] Trying site search...
[2025-11-29T14:46:40.812Z] [LSTV] Searching: https://www.livesoccertv.com/search?q=Test%20Team%20A%20Test%20Team%20B
[2025-11-29T14:46:40.833Z] [LSTV] Search error: net::ERR_NAME_NOT_RESOLVED at https://www.livesoccertv.com/search?q=Test%20Team%20A%20Test%20Team%20B
[2025-11-29T14:46:40.833Z] [LSTV] WARNING: No TV channels found for Test Team A vs Test Team B - no match page found or page had no channel data
[2025-11-29T14:46:41.220Z] [LSTV] [health] FAIL in 306ms: net::ERR_NAME_NOT_RESOLVED at https://www.livesoccertv.com
[2025-11-29T14:46:41.299Z] [TSDB] Missing team names: home="", away=""
[2025-11-29T14:46:41.300Z] [TSDB] Searching for Arsenal vs Chelsea on 2025-11-29
[2025-11-29T14:46:41.315Z] [TSDB] Error: getaddrinfo ENOTFOUND www.thesportsdb.com
[2025-11-29T14:46:41.318Z] [TSDB] [health] FAIL in 3ms: getaddrinfo ENOTFOUND www.thesportsdb.com
[2025-11-29T14:46:41.319Z] [WIKI] Missing league name
[2025-11-29T14:46:41.319Z] [WIKI] Fetching: 2024–25 Premier League
[2025-11-29T14:46:41.321Z] [WIKI] Error fetching 2024–25 Premier League: getaddrinfo ENOTFOUND en.wikipedia.org
[2025-11-29T15:01:02.981Z] [LSTV] Missing team names: home="", away=""
[2025-11-29T15:01:02.982Z] [LSTV] Searching for Test Team A vs Test Team B
[2025-11-29T15:01:03.079Z] [LSTV] Launching Chrome from /usr/bin/chromium-browser
[2025-11-29T15:01:36.415Z] [LSTV] Trying URL: https://www.livesoccertv.com/match/test-team-a-vs-test-team-b/
[2025-11-29T15:01:36.430Z] [LSTV] Error with URL https://www.livesoccertv.com/match/test-team-a-vs-test-team-b/: net::ERR_NAME_NOT_RESOLVED at https://www.livesoccertv.com/match/test-team-a-vs-test-team-b/
[2025-11-29T15:01:36.430Z] [LSTV] Trying URL: https://www.livesoccertv.com/match/test-team-a-v-test-team-b/
[2025-11-29T15:01:36.501Z] [LSTV] Error with URL https://www.livesoccertv.com/match/test-team-a-v-test-team-b/: net::ERR_NAME_NOT_RESOLVED at https://www.livesoccertv.com/match/test-team-a-v-test-team-b/
[2025-11-29T15:01:36.501Z] [LSTV] Trying URL: https://www.livesoccertv.com/teams/england/test-team-a/
[2025-11-29T15:01:36.999Z] [LSTV] Error with URL https://www.livesoccertv.com/teams/england/test-team-a/: net::ERR_NAME_NOT_RESOLVED at https://www.livesoccertv.com/teams/england/test-team-a/
[2025-11-29T15:01:36.999Z] [LSTV] Trying URL: https://www.livesoccertv.com/teams/spain/test-team-a/
[2025-11-29T15:01:37.120Z] [LSTV] Error with URL https://www.livesoccertv.com/teams/spain/test-team-a/: net::ERR_NAME_NOT_RESOLVED at https://www.livesoccertv.com/teams/spain/test-team-a/
[2025-11-29T15:01:37.121Z] [LSTV] Trying URL: https://www.livesoccertv.com/teams/germany/test-team-a/
[2025-11-29T15:01:37.208Z] [LSTV] Error with URL https://www.livesoccertv.com/teams/germany/test-team-a/: net::ERR_NAME_NOT_RESOLVED at https://www.livesoccertv.com/teams/germany/test-team-a/
[2025-11-29T15:01:37.209Z] [LSTV] Trying URL: https://www.livesoccertv.com/teams/italy/test-team-a/
[2025-11-29T15:01:37.228Z] [LSTV] Error with URL https://www.livesoccertv.com/teams/italy/test-team-a/: net::ERR_NAME_NOT_RESOLVED at https://www.livesoccertv.com/teams/italy/test-team-a/
[2025-11-29T15:01:37.228Z] [LSTV] Trying URL: https://www.livesoccertv.com/teams/france/test-team-a/
[2025-11-29T15:01:37.368Z] [LSTV] Error with URL https://www.livesoccertv.com/teams/france/test-team-a/: net::ERR_NAME_NOT_RESOLVED at https://www.livesoccertv.com/teams/france/test-team-a/
[2025-11-29T15:01:37.368Z] [LSTV] Trying URL: https://www.livesoccertv.com/teams/scotland/test-team-a/
[2025-11-29T15:01:37.388Z] [LSTV] Error with URL https://www.livesoccertv.com/teams/scotland/test-team-a/: net::ERR_NAME_NOT_RESOLVED at https://www.livesoccertv.com/teams/scotland/test-team-a/
[2025-11-29T15:01:37.388Z] [LSTV] Trying URL: https://www.livesoccertv.com/teams/wales/test-team-a/
[2025-11-29T15:01:37.463Z] [LSTV] Error with URL https://www.livesoccertv.com/teams/wales/test-team-a/: net::ERR_NAME_NOT_RESOLVED at https://www.livesoccertv.com/teams/wales/test-team-a/
[2025-11-29T15:01:37.464Z] [LSTV] Trying URL: https://www.livesoccertv.com/teams/netherlands/test-team-a/
[2025-11-29T15:01:37.482Z] [LSTV] Error with URL https://www.livesoccertv.com/teams/netherlands/test-team-a/: net::ERR_NAME_NOT_RESOLVED at https://www.livesoccertv.com/teams/netherlands/test-team-a/
[2025-11-29T15:01:37.483Z] [LSTV] Trying URL: https://www.livesoccertv.com/teams/portugal/test-team-a/
[2025-11-29T15:01:37.503Z] [LSTV] Error with URL https://www.livesoccertv.com/teams/portugal/test-team-a/: net::ERR_NAME_NOT_RESOLVED at https://www.livesoccertv.com/teams/portugal/test-team-a/
[2025-11-29T15:01:37.503Z] [LSTV] Trying site search...
[2025-11-29T15:01:37.503Z] [LSTV] Searching: https://www.livesoccertv.com/search?q=Test%20Team%20A%20Test%20Team%20B
[2025-11-29T15:01:37.525Z] [LSTV] Search error: net::ERR_NAME_NOT_RESOLVED at https://www.livesoccertv.com/search?q=Test%20Team%20A%20Test%20Team%20B
[2025-11-29T15:01:37.526Z] [LSTV] WARNING: No TV channels found for Test Team A vs Test Team B - no match page found or page had no channel data
[2025-11-29T15:01:37.953Z] [LSTV] [health] FAIL in 278ms: net::ERR_NAME_NOT_RESOLVED at https://www.livesoccertv.com
[2025-11-29T15:01:38.030Z] [TSDB] Missing team names: home="", away=""
[2025-11-29T15:01:38.031Z] [TSDB] Searching for Arsenal vs Chelsea on 2025-11-29
[2025-11-29T15:01:38.047Z] [TSDB] Error: getaddrinfo ENOTFOUND www.thesportsdb.com
[2025-11-29T15:01:38.050Z] [TSDB] [health] FAIL in 3ms: getaddrinfo ENOTFOUND www.thesportsdb.com
[2025-11-29T15:01:38.051Z] [WIKI] Missing league name
[2025-11-29T15:01:38.051Z] [WIKI] Fetching: 2024–25 Premier League
[2025-11-29T15:01:38.053Z] [WIKI] Error fetching 2024–25 Premier League: getaddrinfo ENOTFOUND en.wikipedia.org
[2025-11-29T15:05:36.725Z] [LSTV] Missing team names: home="", away=""
[2025-11-29T15:05:36.726Z] [LSTV] Searching for Test Team A vs Test Team B
[2025-11-29T15:05:36.823Z] [LSTV] Launching Chrome from /usr/bin/chromium-browser
[2025-11-29T15:05:37.126Z] [LSTV] Trying URL: https://www.livesoccertv.com/match/test-team-a-vs-test-team-b/
[2025-11-29T15:05:37.142Z] [LSTV] Error with URL https://www.livesoccertv.com/match/test-team-a-vs-test-team-b/: net::ERR_NAME_NOT_RESOLVED at https://www.livesoccertv.com/match/test-team-a-vs-test-team-b/
[2025-11-29T15:05:37.143Z] [LSTV] Trying URL: https://www.livesoccertv.com/match/test-team-a-v-test-team-b/
[2025-11-29T15:05:37.170Z] [LSTV] Error with URL https://www.livesoccertv.com/match/test-team-a-v-test-team-b/: net::ERR_NAME_NOT_RESOLVED at https://www.livesoccertv.com/match/test-team-a-v-test-team-b/
[2025-11-29T15:05:37.170Z] [LSTV] Trying URL: https://www.livesoccertv.com/teams/england/test-team-a/
[2025-11-29T15:05:37.197Z] [LSTV] Error with URL https://www.livesoccertv.com/teams/england/test-team-a/: net::ERR_NAME_NOT_RESOLVED at https://www.livesoccertv.com/teams/england/test-team-a/
[2025-11-29T15:05:37.198Z] [LSTV] Trying URL: https://www.livesoccertv.com/teams/spain/test-team-a/
[2025-11-29T15:05:37.222Z] [LSTV] Error with URL https://www.livesoccertv.com/teams/spain/test-team-a/: net::ERR_NAME_NOT_RESOLVED at https://www.livesoccertv.com/teams/spain/test-team-a/
[2025-11-29T15:05:37.222Z] [LSTV] Trying URL: https://www.livesoccertv.com/teams/germany/test-team-a/
[2025-11-29T15:05:37.247Z] [LSTV] Error with URL https://www.livesoccertv.com/teams/germany/test-team-a/: net::ERR_NAME_NOT_RESOLVED at https://www.livesoccertv.com/teams/germany/test-team-a/
[2025-11-29T15:05:37.247Z] [LSTV] Trying URL: https://www.livesoccertv.com/teams/italy/test-team-a/
[2025-11-29T15:05:37.266Z] [LSTV] Error with URL https://www.livesoccertv.com/teams/italy/test-team-a/: net::ERR_NAME_NOT_RESOLVED at https://www.livesoccertv.com/teams/italy/test-team-a/
[2025-11-29T15:05:37.267Z] [LSTV] Trying URL: https://www.livesoccertv.com/teams/france/test-team-a/
[2025-11-29T15:05:37.289Z] [LSTV] Error with URL https://www.livesoccertv.com/teams/france/test-team-a/: net::ERR_NAME_NOT_RESOLVED at https://www.livesoccertv.com/teams/france/test-team-a/
[2025-11-29T15:05:37.290Z] [LSTV] Trying URL: https://www.livesoccertv.com/teams/scotland/test-team-a/
[2025-11-29T15:05:37.309Z] [LSTV] Error with URL https://www.livesoccertv.com/teams/scotland/test-team-a/: net::ERR_NAME_NOT_RESOLVED at https://www.livesoccertv.com/teams/scotland/test-team-a/
[2025-11-29T15:05:37.310Z] [LSTV] Trying URL: https://www.livesoccertv.com/teams/wales/test-team-a/
[2025-11-29T15:05:37.330Z] [LSTV] Error with URL https://www.livesoccertv.com/teams/wales/test-team-a/: net::ERR_NAME_NOT_RESOLVED at https://www.livesoccertv.com/teams/wales/test-team-a/
[2025-11-29T15:05:37.330Z] [LSTV] Trying URL: https://www.livesoccertv.com/teams/netherlands/test-team-a/
[2025-11-29T15:05:37.351Z] [LSTV] Error with URL https://www.livesoccertv.com/teams/netherlands/test-team-a/: net::ERR_NAME_NOT_RESOLVED at https://www.livesoccertv.com/teams/netherlands/test-team-a/
[2025-11-29T15:05:37.351Z] [LSTV] Trying URL: https://www.livesoccertv.com/teams/portugal/test-team-a/
[2025-11-29T15:05:37.370Z] [LSTV] Error with URL https://www.livesoccertv.com/teams/portugal/test-team-a/: net::ERR_NAME_NOT_RESOLVED at https://www.livesoccertv.com/teams/portugal/test-team-a/
[2025-11-29T15:05:37.371Z] [LSTV] Trying site search...
[2025-11-29T15:05:37.371Z] [LSTV] Searching: https://www.livesoccertv.com/search?q=Test%20Team%20A%20Test%20Team%20B
[2025-11-29T15:05:37.392Z] [LSTV] Search error: net::ERR_NAME_NOT_RESOLVED at https://www.livesoccertv.com/search?q=Test%20Team%20A%20Test%20Team%20B
[2025-11-29T15:05:37.393Z] [LSTV] WARNING: No TV channels found for Test Team A vs Test Team B - no match page found or page had no channel data
[2025-11-29T15:05:37.769Z] [LSTV] [health] FAIL in 297ms: net::ERR_NAME_NOT_RESOLVED at https://www.livesoccertv.com
[2025-11-29T15:05:37.847Z] [TSDB] Missing team names: home="", away=""
[2025-11-29T15:05:37.848Z] [TSDB] Searching for Arsenal vs Chelsea on 2025-11-29
[2025-11-29T15:05:37.863Z] [TSDB] Error: getaddrinfo ENOTFOUND www.thesportsdb.com
[2025-11-29T15:05:37.866Z] [TSDB] [health] FAIL in 3ms: getaddrinfo ENOTFOUND www.thesportsdb.com
[2025-11-29T15:05:37.867Z] [WIKI] Missing league name
[2025-11-29T15:05:37.867Z] [WIKI] Fetching: 2024–25 Premier League
[2025-11-29T15:05:37.869Z] [WIKI] Error fetching 2024–25 Premier League: getaddrinfo ENOTFOUND en.wikipedia.org
[2025-11-29T15:13:14.456Z] [LSTV] Missing team names: home="", away=""
[2025-11-29T15:13:14.457Z] [LSTV] Searching for Test Team A vs Test Team B
[2025-11-29T15:13:14.551Z] [LSTV] Launching Chrome from /usr/bin/chromium-browser
[2025-11-29T15:13:15.516Z] [LSTV] Trying URL: https://www.livesoccertv.com/match/test-team-a-vs-test-team-b/
[2025-11-29T15:13:15.560Z] [LSTV] Error with URL https://www.livesoccertv.com/match/test-team-a-vs-test-team-b/: net::ERR_NAME_NOT_RESOLVED at https://www.livesoccertv.com/match/test-team-a-vs-test-team-b/
[2025-11-29T15:13:15.560Z] [LSTV] Trying URL: https://www.livesoccertv.com/match/test-team-a-v-test-team-b/
[2025-11-29T15:13:15.599Z] [LSTV] Error with URL https://www.livesoccertv.com/match/test-team-a-v-test-team-b/: net::ERR_NAME_NOT_RESOLVED at https://www.livesoccertv.com/match/test-team-a-v-test-team-b/
[2025-11-29T15:13:15.600Z] [LSTV] Trying URL: https://www.livesoccertv.com/teams/england/test-team-a/
[2025-11-29T15:13:15.631Z] [LSTV] Error with URL https://www.livesoccertv.com/teams/england/test-team-a/: net::ERR_NAME_NOT_RESOLVED at https://www.livesoccertv.com/teams/england/test-team-a/
[2025-11-29T15:13:15.631Z] [LSTV] Trying URL: https://www.livesoccertv.com/teams/spain/test-team-a/
[2025-11-29T15:13:15.728Z] [LSTV] Error with URL https://www.livesoccertv.com/teams/spain/test-team-a/: net::ERR_NAME_NOT_RESOLVED at https://www.livesoccertv.com/teams/spain/test-team-a/
[2025-11-29T15:13:15.728Z] [LSTV] Trying URL: https://www.livesoccertv.com/teams/germany/test-team-a/
[2025-11-29T15:13:15.765Z] [LSTV] Error with URL https://www.livesoccertv.com/teams/germany/test-team-a/: net::ERR_NAME_NOT_RESOLVED at https://www.livesoccertv.com/teams/germany/test-team-a/
[2025-11-29T15:13:15.765Z] [LSTV] Trying URL: https://www.livesoccertv.com/teams/italy/test-team-a/
[2025-11-29T15:13:15.794Z] [LSTV] Error with URL https://www.livesoccertv.com/teams/italy/test-team-a/: net::ERR_NAME_NOT_RESOLVED at https://www.livesoccertv.com/teams/italy/test-team-a/
[2025-11-29T15:13:15.794Z] [LSTV] Trying URL: https://www.livesoccertv.com/teams/france/test-team-a/
[2025-11-29T15:13:15.838Z] [LSTV] Error with URL https://www.livesoccertv.com/teams/france/test-team-a/: net::ERR_NAME_NOT_RESOLVED at https://www.livesoccertv.com/teams/france/test-team-a/
[2025-11-29T15:13:15.838Z] [LSTV] Trying URL: https://www.livesoccertv.com/teams/scotland/test-team-a/
[2025-11-29T15:13:15.874Z] [LSTV] Error with URL https://www.livesoccertv.com/teams/scotland/test-team-a/: net::ERR_NAME_NOT_RESOLVED at https://www.livesoccertv.com/teams/scotland/test-team-a/
[2025-11-29T15:13:15.875Z] [LSTV] Trying URL: https://www.livesoccertv.com/teams/wales/test-team-a/
[2025-11-29T15:13:15.895Z] [LSTV] Error with URL https://www.livesoccertv.com/teams/wales/test-team-a/: net::ERR_NAME_NOT_RESOLVED at https://www.livesoccertv.com/teams/wales/test-team-a/
[2025-11-29T15:13:15.895Z] [LSTV] Trying URL: https://www.livesoccertv.com/teams/netherlands/test-team-a/
[2025-11-29T15:13:15.913Z] [LSTV] Error with URL https://www.livesoccertv.com/teams/netherlands/test-team-a/: net::ERR_NAME_NOT_RESOLVED at https://www.livesoccertv.com/teams/netherlands/test-team-a/
[2025-11-29T15:13:15.913Z] [LSTV] Trying URL: https://www.livesoccertv.com/teams/portugal/test-team-a/
[2025-11-29T15:13:15.934Z] [LSTV] Error with URL https://www.livesoccertv.com/teams/portugal/test-team-a/: net::ERR_NAME_NOT_RESOLVED at https://www.livesoccertv.com/teams/portugal/test-team-a/
[2025-11-29T15:13:15.934Z] [LSTV] Trying site search...
[2025-11-29T15:13:15.934Z] [LSTV] Searching: https://www.livesoccertv.com/search?q=Test%20Team%20A%20Test%20Team%20B
[2025-11-29T15:13:15.957Z] [LSTV] Search error: net::ERR_NAME_NOT_RESOLVED at https://www.livesoccertv.com/search?q=Test%20Team%20A%20Test%20Team%20B
[2025-11-29T15:13:15.958Z] [LSTV] WARNING: No TV channels found for Test Team A vs Test Team B - no match page found or page had no channel data
[2025-11-29T15:13:16.351Z] [LSTV] [health] FAIL in 289ms: net::ERR_NAME_NOT_RESOLVED at https://www.livesoccertv.com
[2025-11-29T15:13:16.431Z] [TSDB] Missing team names: home="", away=""
[2025-11-29T15:13:16.432Z] [TSDB] Searching for Arsenal vs Chelsea on 2025-11-29
[2025-11-29T15:13:16.447Z] [TSDB] Error: getaddrinfo ENOTFOUND www.thesportsdb.com
[2025-11-29T15:13:16.450Z] [TSDB] [health] FAIL in 3ms: getaddrinfo ENOTFOUND www.thesportsdb.com
[2025-11-29T15:13:16.451Z] [WIKI] Missing league name
[2025-11-29T15:13:16.451Z] [WIKI] Fetching: 2024–25 Premier League
[2025-11-29T15:13:16.453Z] [WIKI] Error fetching 2024–25 Premier League: getaddrinfo ENOTFOUND en.wikipedia.org
[2025-11-29T15:16:40.552Z] [LSTV] Missing team names: home="", away=""
[2025-11-29T15:16:40.553Z] [LSTV] Searching for Test Team A vs Test Team B
[2025-11-29T15:16:40.644Z] [LSTV] Launching Chrome from /usr/bin/chromium-browser
[2025-11-29T15:16:40.952Z] [LSTV] Trying URL: https://www.livesoccertv.com/match/test-team-a-vs-test-team-b/
[2025-11-29T15:16:40.974Z] [LSTV] Error with URL https://www.livesoccertv.com/match/test-team-a-vs-test-team-b/: net::ERR_NAME_NOT_RESOLVED at https://www.livesoccertv.com/match/test-team-a-vs-test-team-b/
[2025-11-29T15:16:40.974Z] [LSTV] Trying URL: https://www.livesoccertv.com/match/test-team-a-v-test-team-b/
[2025-11-29T15:16:41.001Z] [LSTV] Error with URL https://www.livesoccertv.com/match/test-team-a-v-test-team-b/: net::ERR_NAME_NOT_RESOLVED at https://www.livesoccertv.com/match/test-team-a-v-test-team-b/
[2025-11-29T15:16:41.001Z] [LSTV] Trying URL: https://www.livesoccertv.com/teams/england/test-team-a/
[2025-11-29T15:16:41.025Z] [LSTV] Error with URL https://www.livesoccertv.com/teams/england/test-team-a/: net::ERR_NAME_NOT_RESOLVED at https://www.livesoccertv.com/teams/england/test-team-a/
[2025-11-29T15:16:41.025Z] [LSTV] Trying URL: https://www.livesoccertv.com/teams/spain/test-team-a/
[2025-11-29T15:16:41.051Z] [LSTV] Error with URL https://www.livesoccertv.com/teams/spain/test-team-a/: net::ERR_NAME_NOT_RESOLVED at https://www.livesoccertv.com/teams/spain/test-team-a/
[2025-11-29T15:16:41.051Z] [LSTV] Trying URL: https://www.livesoccertv.com/teams/germany/test-team-a/
[2025-11-29T15:16:41.077Z] [LSTV] Error with URL https://www.livesoccertv.com/teams/germany/test-team-a/: net::ERR_NAME_NOT_RESOLVED at https://www.livesoccertv.com/teams/germany/test-team-a/
[2025-11-29T15:16:41.077Z] [LSTV] Trying URL: https://www.livesoccertv.com/teams/italy/test-team-a/
[2025-11-29T15:16:41.100Z] [LSTV] Error with URL https://www.livesoccertv.com/teams/italy/test-team-a/: net::ERR_NAME_NOT_RESOLVED at https://www.livesoccertv.com/teams/italy/test-team-a/
[2025-11-29T15:16:41.100Z] [LSTV] Trying URL: https://www.livesoccertv.com/teams/france/test-team-a/
[2025-11-29T15:16:41.125Z] [LSTV] Error with URL https://www.livesoccertv.com/teams/france/test-team-a/: net::ERR_NAME_NOT_RESOLVED at https://www.livesoccertv.com/teams/france/test-team-a/
[2025-11-29T15:16:41.126Z] [LSTV] Trying URL: https://www.livesoccertv.com/teams/scotland/test-team-a/
[2025-11-29T15:16:41.142Z] [LSTV] Error with URL https://www.livesoccertv.com/teams/scotland/test-team-a/: net::ERR_NAME_NOT_RESOLVED at https://www.livesoccertv.com/teams/scotland/test-team-a/
[2025-11-29T15:16:41.142Z] [LSTV] Trying URL: https://www.livesoccertv.com/teams/wales/test-team-a/
[2025-11-29T15:16:41.160Z] [LSTV] Error with URL https://www.livesoccertv.com/teams/wales/test-team-a/: net::ERR_NAME_NOT_RESOLVED at https://www.livesoccertv.com/teams/wales/test-team-a/
[2025-11-29T15:16:41.160Z] [LSTV] Trying URL: https://www.livesoccertv.com/teams/netherlands/test-team-a/
[2025-11-29T15:16:41.179Z] [LSTV] Error with URL https://www.livesoccertv.com/teams/netherlands/test-team-a/: net::ERR_NAME_NOT_RESOLVED at https://www.livesoccertv.com/teams/netherlands/test-team-a/
[2025-11-29T15:16:41.180Z] [LSTV] Trying URL: https://www.livesoccertv.com/teams/portugal/test-team-a/
[2025-11-29T15:16:41.196Z] [LSTV] Error with URL https://www.livesoccertv.com/teams/portugal/test-team-a/: net::ERR_NAME_NOT_RESOLVED at https://www.livesoccertv.com/teams/portugal/test-team-a/
[2025-11-29T15:16:41.196Z] [LSTV] Trying site search...
[2025-11-29T15:16:41.197Z] [LSTV] Searching: https://www.livesoccertv.com/search?q=Test%20Team%20A%20Test%20Team%20B
[2025-11-29T15:16:41.217Z] [LSTV] Search error: net::ERR_NAME_NOT_RESOLVED at https://www.livesoccertv.com/search?q=Test%20Team%20A%20Test%20Team%20B
[2025-11-29T15:16:41.218Z] [LSTV] WARNING: No TV channels found for Test Team A vs Test Team B - no match page found or page had no channel data
[2025-11-29T15:16:41.591Z] [LSTV] [health] FAIL in 297ms: net::ERR_NAME_NOT_RESOLVED at https://www.livesoccertv.com
[2025-11-29T15:16:41.684Z] [TSDB] Missing team names: home="", away=""
[2025-11-29T15:16:41.685Z] [TSDB] Searching for Arsenal vs Chelsea on 2025-11-29
[2025-11-29T15:16:41.701Z] [TSDB] Error: getaddrinfo ENOTFOUND www.thesportsdb.com
[2025-11-29T15:16:41.704Z] [TSDB] [health] FAIL in 3ms: getaddrinfo ENOTFOUND www.thesportsdb.com
[2025-11-29T15:16:41.704Z] [WIKI] Missing league name
[2025-11-29T15:16:41.705Z] [WIKI] Fetching: 2024–25 Premier League
[2025-11-29T15:16:41.707Z] [WIKI] Error fetching 2024–25 Premier League: getaddrinfo ENOTFOUND en.wikipedia.org
